<?xml version="1.0" encoding="UTF-8"?>
<!-- Generated by org.testng.reporters.JUnitReportReporter -->
<testsuite skipped="0" hostname="Friends-PC" name="com.inetBanking2.testCases.TC_LoginTest_002" tests="1" failures="0" timestamp="2020-07-28T14:57:27 EDT" time="12.921" errors="0">
  <testcase name="loginTest" time="12.921" classname="com.inetBanking2.testCases.TC_LoginTest_002"/>
  <system-out/>
</testsuite> <!-- com.inetBanking2.testCases.TC_LoginTest_002 -->
